<?xml version="1.0" encoding="UTF-8"?>
<!-- Generated by org.testng.reporters.JUnitReportReporter -->
<testsuite hostname="DESKTOP-MENAKIQ" failures="0" tests="3" name="aclabrador.Tests.SubmitOrderTest" time="25.879" errors="0" timestamp="2023-03-18T22:02:43 PDT" skipped="0">
  <testcase classname="aclabrador.Tests.SubmitOrderTest" name="verifyProdOrder" time="6.396"/>
  <system-out/>
  <testcase classname="aclabrador.Tests.SubmitOrderTest" name="submitOrder" time="9.076"/>
  <system-out/>
  <testcase classname="aclabrador.Tests.SubmitOrderTest" name="submitOrder" time="10.407"/>
  <system-out/>
</testsuite> <!-- aclabrador.Tests.SubmitOrderTest -->
