<?xml version="1.0" encoding="UTF-8"?>
<!-- Generated by org.testng.reporters.JUnitReportReporter -->
<testsuite hostname="DESKTOP-MENAKIQ" failures="0" tests="1" name="aclabrador.Tests.ErrorValidations" time="6.676" errors="0" timestamp="2023-02-28T10:13:41 PST" skipped="0">
  <testcase classname="aclabrador.Tests.ErrorValidations" name="validationLogin" time="6.676"/>
  <system-out/>
</testsuite> <!-- aclabrador.Tests.ErrorValidations -->
